2024-08-18 13:06:53,557 - requirements.txt found. Installing requirements...
2024-08-18 13:08:30,925 - requirements.txt found. Installing requirements...
2024-08-18 13:08:32,450 - Requirements installed successfully.
2024-08-18 13:08:32,450 - upload_to_filebin.py found. Running script...
2024-08-18 13:08:32,529 - Error running upload_to_filebin.py: Command '['python', 'upload_to_filebin.py']' returned non-zero exit status 1.
2024-08-18 13:08:32,529 - Waiting for the next hour...
2024-08-18 13:09:33,412 - requirements.txt found. Installing requirements...
2024-08-18 13:09:34,922 - Requirements installed successfully.
2024-08-18 13:09:34,922 - upload_to_filebin.py found. Running script...
2024-08-18 13:09:35,004 - Error running upload_to_filebin.py: Command '['python', 'upload_to_filebin.py']' returned non-zero exit status 1.
2024-08-18 13:09:35,004 - Waiting for the next hour...
2024-08-18 13:17:41,611 - requirements.txt found. Installing requirements...
2024-08-18 13:17:55,442 - Requirements installed successfully.
2024-08-18 13:17:55,442 - upload_to_filebin.py found. Running script...
2024-08-18 13:18:01,992 - Error running upload_to_filebin.py: Command '['python', 'upload_to_filebin.py']' returned non-zero exit status 1.
2024-08-18 13:18:01,992 - Waiting for the next hour...
2024-08-18 13:24:49,495 - requirements.txt found. Installing requirements...
2024-08-18 13:24:51,616 - Requirements installed successfully.
2024-08-18 13:24:51,616 - upload_to_filebin.py found. Running script...
2024-08-18 13:24:52,097 - upload_to_filebin.py ran successfully.
2024-08-18 13:24:52,097 - Waiting for the next hour...
2024-08-18 13:29:27,407 - requirements.txt found. Installing requirements...
2024-08-18 13:29:29,507 - Requirements installed successfully.
2024-08-18 13:29:29,508 - upload_to_filebin.py found. Running script...
2024-08-18 13:29:29,999 - upload_to_filebin.py ran successfully.
2024-08-18 13:29:29,999 - Waiting for the next hour...
2024-08-18 13:30:13,622 - requirements.txt found. Installing requirements...
2024-08-18 13:30:15,654 - Requirements installed successfully.
2024-08-18 13:30:15,654 - upload_to_filebin.py found. Running script...
2024-08-18 13:31:33,721 - upload_to_filebin.py ran successfully.
2024-08-18 13:31:33,721 - Waiting for the next hour...
2024-08-18 13:32:15,296 - requirements.txt found. Installing requirements...
2024-08-18 13:32:17,861 - Requirements installed successfully.
2024-08-18 13:32:17,861 - upload_to_filebin.py found. Running script...
2024-08-18 13:33:36,015 - upload_to_filebin.py ran successfully.
2024-08-18 13:33:36,016 - Waiting for the next hour...
2024-08-18 13:35:04,632 - requirements.txt found. Installing requirements...
2024-08-18 13:35:06,803 - Requirements installed successfully.
2024-08-18 13:35:06,803 - upload_to_filebin.py found. Running script...
2024-08-18 13:36:23,350 - upload_to_filebin.py ran successfully.
2024-08-18 13:36:23,350 - Waiting for the next hour...
2024-08-18 13:38:23,351 - requirements.txt found. Installing requirements...
2024-08-18 13:38:25,454 - Requirements installed successfully.
2024-08-18 13:38:25,455 - upload_to_filebin.py found. Running script...
